[ 2016-05-26T09:56:18+08:00 ] ::1 /socailsys/index.php?g=portal&m=apoint&a=add
INFO: [ app_begin ] --START--
INFO: Run Behavior\ReadHtmlCacheBehavior [ RunTime:0.000335s ]
INFO: Run Behavior\CheckLangBehavior [ RunTime:0.000448s ]
INFO: [ app_begin ] --END-- [ RunTime:0.001069s ]

[ 2016-05-26T14:54:40+08:00 ] ::1 /socailsys/index.php?g=portal&m=apoint&a=add
INFO: [ app_begin ] --START--
INFO: Run Behavior\ReadHtmlCacheBehavior [ RunTime:0.000346s ]
INFO: Run Behavior\CheckLangBehavior [ RunTime:0.000314s ]
INFO: [ app_begin ] --END-- [ RunTime:0.000937s ]
NOTIC: [8] Undefined index: ADMIN_ID /Applications/MAMP/htdocs/socailsys/application/Common/Common/function.php 第 8 行.
SQL: SHOW COLUMNS FROM `sys_users` [ RunTime:0.0020s ]
NOTIC: [8] Undefined index: ADMIN_ID /Applications/MAMP/htdocs/socailsys/application/Common/Common/function.php 第 8 行.
ERR: 1064:You have an error in your SQL syntax; check the manual that corresponds to your MySQL server version for the right syntax to use near ') LIMIT 1' at line 1
 [ SQL语句 ] : SELECT * FROM `sys_users` WHERE ( id= ) LIMIT 1  
ERR: 1064:You have an error in your SQL syntax; check the manual that corresponds to your MySQL server version for the right syntax to use near ') LIMIT 1' at line 1
 [ SQL语句 ] : SELECT * FROM `sys_users` WHERE ( id= ) LIMIT 1  

[ 2016-05-26T15:07:30+08:00 ] ::1 /socailsys/index.php?g=portal&m=apoint&a=add
INFO: [ app_begin ] --START--
INFO: Run Behavior\ReadHtmlCacheBehavior [ RunTime:0.000340s ]
INFO: Run Behavior\CheckLangBehavior [ RunTime:0.000303s ]
INFO: [ app_begin ] --END-- [ RunTime:0.000896s ]
SQL: SHOW COLUMNS FROM `sys_users` [ RunTime:0.0019s ]
SQL: SELECT * FROM `sys_users` WHERE ( id=1 ) LIMIT 1   [ RunTime:0.0002s ]
SQL: SHOW COLUMNS FROM `sys_apoint` [ RunTime:0.0009s ]
SQL: INSERT INTO `sys_apoint` (`user_id`,`server_name`,`user_name`,`user_mobile`,`apoint_time`,`term_id`,`server_id`,`appoint_id`,`from_table`,`socail_id`,`apoint_content`) VALUES ('1','牙大夫口腔','123','13765234234','2016-05-18 15:07','7','2','Soc72','hospital','0','123') [ RunTime:0.0004s ]

