[ 2016-09-19T16:28:11+08:00 ] ::1 /socailsys/index.php?g=Admin&m=public&a=dologin
INFO: [ app_begin ] --START--
INFO: Run Behavior\ReadHtmlCacheBehavior [ RunTime:0.000343s ]
INFO: Run Behavior\CheckLangBehavior [ RunTime:0.000343s ]
INFO: [ app_begin ] --END-- [ RunTime:0.000948s ]
SQL: SHOW COLUMNS FROM `sys_users` [ RunTime:0.0011s ]
SQL: SELECT * FROM `sys_users` WHERE `user_login` = 'admin' LIMIT 1   [ RunTime:0.0004s ]
SQL: SHOW COLUMNS FROM `sys_role_user` [ RunTime:0.0015s ]
SQL: SELECT `role_id` FROM sys_role_user a INNER JOIN sys_role as b on a.role_id =b.id  WHERE `user_id` = '1' AND `status` = 1  [ RunTime:0.0010s ]
SQL: UPDATE `sys_users` SET `socail_id`='0',`user_login`='admin',`user_pass`='###9852f64c1e59286692b45cf9cd9113d1',`user_nicename`='admin',`user_email`='602077075@qq.com',`user_url`='',`avatar`=NULL,`sex`='0',`birthday`=NULL,`signature`=NULL,`last_login_ip`='0.0.0.0',`last_login_time`='2016-09-19 16:28:11',`create_time`='2016-05-10 01:49:36',`user_activation_key`='',`user_status`='1',`score`='0',`user_type`='1',`coin`='0',`mobile`='' WHERE `id` = '1' [ RunTime:0.0002s ]

[ 2016-09-19T16:28:20+08:00 ] ::1 /socailsys/index.php?g=Admin&m=hospital&a=getcity
INFO: [ app_begin ] --START--
INFO: Run Behavior\ReadHtmlCacheBehavior [ RunTime:0.001937s ]
INFO: Run Behavior\CheckLangBehavior [ RunTime:0.001077s ]
INFO: [ app_begin ] --END-- [ RunTime:0.003715s ]
SQL: SHOW COLUMNS FROM `sys_users` [ RunTime:0.0038s ]
SQL: SELECT * FROM `sys_users` WHERE ( id=1 ) LIMIT 1   [ RunTime:0.0005s ]
SQL: SHOW COLUMNS FROM `sys_hospital` [ RunTime:0.0046s ]
SQL: SHOW COLUMNS FROM `sys_areas` [ RunTime:0.0018s ]
SQL: SHOW COLUMNS FROM `sys_terms` [ RunTime:0.0012s ]
SQL: SELECT * FROM `sys_areas` WHERE `parent_id` = 110000  [ RunTime:0.0004s ]
INFO: [ app_end ] --START--
INFO: Run Behavior\ShowPageTraceBehavior [ RunTime:0.001053s ]
INFO: [ app_end ] --END-- [ RunTime:0.001122s ]

[ 2016-09-19T16:28:22+08:00 ] ::1 /socailsys/index.php?g=Admin&m=hospital&a=getcity
INFO: [ app_begin ] --START--
INFO: Run Behavior\ReadHtmlCacheBehavior [ RunTime:0.000750s ]
INFO: Run Behavior\CheckLangBehavior [ RunTime:0.002199s ]
INFO: [ app_begin ] --END-- [ RunTime:0.003474s ]
SQL: SHOW COLUMNS FROM `sys_users` [ RunTime:0.0032s ]
SQL: SELECT * FROM `sys_users` WHERE ( id=1 ) LIMIT 1   [ RunTime:0.0008s ]
SQL: SHOW COLUMNS FROM `sys_hospital` [ RunTime:0.0023s ]
SQL: SHOW COLUMNS FROM `sys_areas` [ RunTime:0.0021s ]
SQL: SHOW COLUMNS FROM `sys_terms` [ RunTime:0.0019s ]
SQL: SELECT * FROM `sys_areas` WHERE `parent_id` = 0  [ RunTime:0.0004s ]
INFO: [ app_end ] --START--
INFO: Run Behavior\ShowPageTraceBehavior [ RunTime:0.000584s ]
INFO: [ app_end ] --END-- [ RunTime:0.000696s ]

[ 2016-09-19T16:28:39+08:00 ] ::1 /socailsys/index.php?g=Admin&m=Menu&a=index&menuid=100
NOTIC: D方法实例化没找到模型类Common\Model\AuthRuleModel

[ 2016-09-19T16:28:47+08:00 ] ::1 /socailsys/index.php?g=Admin&m=Menu&a=index&menuid=100
NOTIC: D方法实例化没找到模型类Common\Model\AuthRuleModel

