[ 2016-05-29T09:32:42+08:00 ] ::1 /socailsys/index.php?g=user&m=index&a=is_login
INFO: [ app_begin ] --START--
INFO: Run Behavior\ReadHtmlCacheBehavior [ RunTime:0.000609s ]
INFO: Run Behavior\CheckLangBehavior [ RunTime:0.000525s ]
INFO: [ app_begin ] --END-- [ RunTime:0.001660s ]
NOTIC: [8] Undefined index: url /Applications/MAMP/htdocs/socailsys/application/Common/Controller/AppframeController.class.php 第 24 行.

[ 2016-05-29T09:33:06+08:00 ] ::1 /socailsys/index.php?g=user&m=index&a=is_login
INFO: [ app_begin ] --START--
INFO: Run Behavior\ReadHtmlCacheBehavior [ RunTime:0.000346s ]
INFO: Run Behavior\CheckLangBehavior [ RunTime:0.000304s ]
INFO: [ app_begin ] --END-- [ RunTime:0.000912s ]
NOTIC: [8] Undefined index: url /Applications/MAMP/htdocs/socailsys/application/Common/Controller/AppframeController.class.php 第 24 行.

[ 2016-05-29T09:33:51+08:00 ] ::1 /socailsys/index.php?g=user&m=index&a=is_login
INFO: [ app_begin ] --START--
INFO: Run Behavior\ReadHtmlCacheBehavior [ RunTime:0.000715s ]
INFO: Run Behavior\CheckLangBehavior [ RunTime:0.000663s ]
INFO: [ app_begin ] --END-- [ RunTime:0.001959s ]
NOTIC: [8] Undefined index: url /Applications/MAMP/htdocs/socailsys/application/Common/Controller/AppframeController.class.php 第 24 行.

[ 2016-05-29T09:35:31+08:00 ] ::1 /socailsys/index.php?g=user&m=index&a=is_login
INFO: [ app_begin ] --START--
INFO: Run Behavior\ReadHtmlCacheBehavior [ RunTime:0.000474s ]
INFO: Run Behavior\CheckLangBehavior [ RunTime:0.000473s ]
INFO: [ app_begin ] --END-- [ RunTime:0.001404s ]
NOTIC: [8] Undefined index: url /Applications/MAMP/htdocs/socailsys/application/Common/Controller/AppframeController.class.php 第 24 行.

[ 2016-05-29T09:36:27+08:00 ] ::1 /socailsys/index.php?g=user&m=index&a=is_login
INFO: [ app_begin ] --START--
INFO: Run Behavior\ReadHtmlCacheBehavior [ RunTime:0.000535s ]
INFO: Run Behavior\CheckLangBehavior [ RunTime:0.000598s ]
INFO: [ app_begin ] --END-- [ RunTime:0.001540s ]
NOTIC: [8] Undefined index: url /Applications/MAMP/htdocs/socailsys/application/Common/Controller/AppframeController.class.php 第 24 行.

[ 2016-05-29T09:36:47+08:00 ] ::1 /socailsys/index.php?g=user&m=index&a=is_login
INFO: [ app_begin ] --START--
INFO: Run Behavior\ReadHtmlCacheBehavior [ RunTime:0.000451s ]
INFO: Run Behavior\CheckLangBehavior [ RunTime:0.000491s ]
INFO: [ app_begin ] --END-- [ RunTime:0.001398s ]
NOTIC: [8] Undefined index: url /Applications/MAMP/htdocs/socailsys/application/Common/Controller/AppframeController.class.php 第 24 行.

[ 2016-05-29T09:37:41+08:00 ] ::1 /socailsys/index.php?g=user&m=index&a=is_login
INFO: [ app_begin ] --START--
INFO: Run Behavior\ReadHtmlCacheBehavior [ RunTime:0.000692s ]
INFO: Run Behavior\CheckLangBehavior [ RunTime:0.000705s ]
INFO: [ app_begin ] --END-- [ RunTime:0.001898s ]
NOTIC: [8] Undefined index: url /Applications/MAMP/htdocs/socailsys/application/Common/Controller/AppframeController.class.php 第 24 行.

[ 2016-05-29T09:37:58+08:00 ] ::1 /socailsys/index.php?g=user&m=index&a=is_login
INFO: [ app_begin ] --START--
INFO: Run Behavior\ReadHtmlCacheBehavior [ RunTime:0.000813s ]
INFO: Run Behavior\CheckLangBehavior [ RunTime:0.000731s ]
INFO: [ app_begin ] --END-- [ RunTime:0.002088s ]
NOTIC: [8] Undefined index: url /Applications/MAMP/htdocs/socailsys/application/Common/Controller/AppframeController.class.php 第 24 行.

