[ 2016-06-09T10:15:34+08:00 ] ::1 /socailsys/index.php?g=user&m=index&a=is_login
INFO: [ app_begin ] --START--
INFO: Run Behavior\ReadHtmlCacheBehavior [ RunTime:0.000661s ]
INFO: Run Behavior\CheckLangBehavior [ RunTime:0.000813s ]
INFO: [ app_begin ] --END-- [ RunTime:0.002197s ]
NOTIC: [8] Undefined index: url /Applications/MAMP/htdocs/socailsys/application/Common/Controller/AppframeController.class.php 第 24 行.

[ 2016-06-09T10:18:18+08:00 ] ::1 /socailsys/index.php?g=user&m=index&a=is_login
INFO: [ app_begin ] --START--
INFO: Run Behavior\ReadHtmlCacheBehavior [ RunTime:0.000903s ]
INFO: Run Behavior\CheckLangBehavior [ RunTime:0.000453s ]
INFO: [ app_begin ] --END-- [ RunTime:0.002081s ]
NOTIC: [8] Undefined index: url /Applications/MAMP/htdocs/socailsys/application/Common/Controller/AppframeController.class.php 第 24 行.

[ 2016-06-09T10:18:55+08:00 ] ::1 /socailsys/index.php?g=user&m=index&a=is_login
INFO: [ app_begin ] --START--
INFO: Run Behavior\ReadHtmlCacheBehavior [ RunTime:0.000618s ]
INFO: Run Behavior\CheckLangBehavior [ RunTime:0.001007s ]
INFO: [ app_begin ] --END-- [ RunTime:0.002224s ]
NOTIC: [8] Undefined index: url /Applications/MAMP/htdocs/socailsys/application/Common/Controller/AppframeController.class.php 第 24 行.

[ 2016-06-09T10:19:25+08:00 ] ::1 /socailsys/index.php?g=user&m=index&a=is_login
INFO: [ app_begin ] --START--
INFO: Run Behavior\ReadHtmlCacheBehavior [ RunTime:0.000569s ]
INFO: Run Behavior\CheckLangBehavior [ RunTime:0.000415s ]
INFO: [ app_begin ] --END-- [ RunTime:0.001443s ]
NOTIC: [8] Undefined index: url /Applications/MAMP/htdocs/socailsys/application/Common/Controller/AppframeController.class.php 第 24 行.

[ 2016-06-09T10:19:57+08:00 ] ::1 /socailsys/index.php?g=user&m=index&a=is_login
INFO: [ app_begin ] --START--
INFO: Run Behavior\ReadHtmlCacheBehavior [ RunTime:0.000652s ]
INFO: Run Behavior\CheckLangBehavior [ RunTime:0.000594s ]
INFO: [ app_begin ] --END-- [ RunTime:0.001790s ]
NOTIC: [8] Undefined index: url /Applications/MAMP/htdocs/socailsys/application/Common/Controller/AppframeController.class.php 第 24 行.

[ 2016-06-09T10:19:58+08:00 ] ::1 /socailsys/index.php?g=user&m=index&a=is_login
INFO: [ app_begin ] --START--
INFO: Run Behavior\ReadHtmlCacheBehavior [ RunTime:0.001769s ]
INFO: Run Behavior\CheckLangBehavior [ RunTime:0.001922s ]
INFO: [ app_begin ] --END-- [ RunTime:0.004930s ]
NOTIC: [8] Undefined index: url /Applications/MAMP/htdocs/socailsys/application/Common/Controller/AppframeController.class.php 第 24 行.

[ 2016-06-09T10:19:59+08:00 ] ::1 /socailsys/index.php?g=user&m=index&a=is_login
INFO: [ app_begin ] --START--
INFO: Run Behavior\ReadHtmlCacheBehavior [ RunTime:0.000588s ]
INFO: Run Behavior\CheckLangBehavior [ RunTime:0.000613s ]
INFO: [ app_begin ] --END-- [ RunTime:0.001871s ]
NOTIC: [8] Undefined index: url /Applications/MAMP/htdocs/socailsys/application/Common/Controller/AppframeController.class.php 第 24 行.

[ 2016-06-09T10:20:21+08:00 ] ::1 /socailsys/index.php?g=user&m=index&a=is_login
INFO: [ app_begin ] --START--
INFO: Run Behavior\ReadHtmlCacheBehavior [ RunTime:0.000936s ]
INFO: Run Behavior\CheckLangBehavior [ RunTime:0.000644s ]
INFO: [ app_begin ] --END-- [ RunTime:0.002361s ]
NOTIC: [8] Undefined index: url /Applications/MAMP/htdocs/socailsys/application/Common/Controller/AppframeController.class.php 第 24 行.

[ 2016-06-09T10:20:21+08:00 ] ::1 /socailsys/index.php?g=user&m=index&a=is_login
INFO: [ app_begin ] --START--
INFO: Run Behavior\ReadHtmlCacheBehavior [ RunTime:0.000616s ]
INFO: Run Behavior\CheckLangBehavior [ RunTime:0.000551s ]
INFO: [ app_begin ] --END-- [ RunTime:0.001697s ]
NOTIC: [8] Undefined index: url /Applications/MAMP/htdocs/socailsys/application/Common/Controller/AppframeController.class.php 第 24 行.

[ 2016-06-09T10:20:40+08:00 ] ::1 /socailsys/index.php?g=user&m=index&a=is_login
INFO: [ app_begin ] --START--
INFO: Run Behavior\ReadHtmlCacheBehavior [ RunTime:0.000608s ]
INFO: Run Behavior\CheckLangBehavior [ RunTime:0.000597s ]
INFO: [ app_begin ] --END-- [ RunTime:0.001691s ]
NOTIC: [8] Undefined index: url /Applications/MAMP/htdocs/socailsys/application/Common/Controller/AppframeController.class.php 第 24 行.

[ 2016-06-09T10:20:48+08:00 ] ::1 /socailsys/index.php?g=user&m=index&a=is_login
INFO: [ app_begin ] --START--
INFO: Run Behavior\ReadHtmlCacheBehavior [ RunTime:0.000912s ]
INFO: Run Behavior\CheckLangBehavior [ RunTime:0.001141s ]
INFO: [ app_begin ] --END-- [ RunTime:0.002598s ]
NOTIC: [8] Undefined index: url /Applications/MAMP/htdocs/socailsys/application/Common/Controller/AppframeController.class.php 第 24 行.

[ 2016-06-09T10:20:55+08:00 ] ::1 /socailsys/index.php?g=user&m=index&a=is_login
INFO: [ app_begin ] --START--
INFO: Run Behavior\ReadHtmlCacheBehavior [ RunTime:0.001402s ]
INFO: Run Behavior\CheckLangBehavior [ RunTime:0.000652s ]
INFO: [ app_begin ] --END-- [ RunTime:0.002724s ]
NOTIC: [8] Undefined index: url /Applications/MAMP/htdocs/socailsys/application/Common/Controller/AppframeController.class.php 第 24 行.

[ 2016-06-09T10:21:23+08:00 ] ::1 /socailsys/index.php?g=user&m=index&a=is_login
INFO: [ app_begin ] --START--
INFO: Run Behavior\ReadHtmlCacheBehavior [ RunTime:0.000618s ]
INFO: Run Behavior\CheckLangBehavior [ RunTime:0.000390s ]
INFO: [ app_begin ] --END-- [ RunTime:0.001576s ]
NOTIC: [8] Undefined index: url /Applications/MAMP/htdocs/socailsys/application/Common/Controller/AppframeController.class.php 第 24 行.

[ 2016-06-09T10:21:33+08:00 ] ::1 /socailsys/index.php?g=user&m=index&a=is_login
INFO: [ app_begin ] --START--
INFO: Run Behavior\ReadHtmlCacheBehavior [ RunTime:0.000378s ]
INFO: Run Behavior\CheckLangBehavior [ RunTime:0.000378s ]
INFO: [ app_begin ] --END-- [ RunTime:0.001059s ]
NOTIC: [8] Undefined index: url /Applications/MAMP/htdocs/socailsys/application/Common/Controller/AppframeController.class.php 第 24 行.

[ 2016-06-09T10:21:46+08:00 ] ::1 /socailsys/index.php?g=user&m=index&a=is_login
INFO: [ app_begin ] --START--
INFO: Run Behavior\ReadHtmlCacheBehavior [ RunTime:0.000684s ]
INFO: Run Behavior\CheckLangBehavior [ RunTime:0.000433s ]
INFO: [ app_begin ] --END-- [ RunTime:0.001618s ]
NOTIC: [8] Undefined index: url /Applications/MAMP/htdocs/socailsys/application/Common/Controller/AppframeController.class.php 第 24 行.

[ 2016-06-09T10:21:48+08:00 ] ::1 /socailsys/index.php?g=user&m=index&a=is_login
INFO: [ app_begin ] --START--
INFO: Run Behavior\ReadHtmlCacheBehavior [ RunTime:0.000357s ]
INFO: Run Behavior\CheckLangBehavior [ RunTime:0.000310s ]
INFO: [ app_begin ] --END-- [ RunTime:0.000941s ]
NOTIC: [8] Undefined index: url /Applications/MAMP/htdocs/socailsys/application/Common/Controller/AppframeController.class.php 第 24 行.

[ 2016-06-09T10:22:08+08:00 ] ::1 /socailsys/index.php?g=user&m=index&a=is_login
INFO: [ app_begin ] --START--
INFO: Run Behavior\ReadHtmlCacheBehavior [ RunTime:0.000350s ]
INFO: Run Behavior\CheckLangBehavior [ RunTime:0.000351s ]
INFO: [ app_begin ] --END-- [ RunTime:0.000967s ]
NOTIC: [8] Undefined index: url /Applications/MAMP/htdocs/socailsys/application/Common/Controller/AppframeController.class.php 第 24 行.

[ 2016-06-09T10:22:48+08:00 ] ::1 /socailsys/index.php?g=user&m=index&a=is_login
INFO: [ app_begin ] --START--
INFO: Run Behavior\ReadHtmlCacheBehavior [ RunTime:0.000847s ]
INFO: Run Behavior\CheckLangBehavior [ RunTime:0.000605s ]
INFO: [ app_begin ] --END-- [ RunTime:0.001929s ]
NOTIC: [8] Undefined index: url /Applications/MAMP/htdocs/socailsys/application/Common/Controller/AppframeController.class.php 第 24 行.

[ 2016-06-09T19:04:14+08:00 ] ::1 /socailsys/index.php?g=user&m=index&a=is_login
INFO: [ app_begin ] --START--
INFO: Run Behavior\ReadHtmlCacheBehavior [ RunTime:0.000874s ]
INFO: Run Behavior\CheckLangBehavior [ RunTime:0.000693s ]
INFO: [ app_begin ] --END-- [ RunTime:0.002200s ]
NOTIC: [8] Undefined index: url /Applications/MAMP/htdocs/socailsys/application/Common/Controller/AppframeController.class.php 第 24 行.

