[ 2016-05-24T16:31:43+08:00 ] ::1 /socailsys/index.php?g=user&m=index&a=is_login
INFO: [ app_begin ] --START--
INFO: Run Behavior\ReadHtmlCacheBehavior [ RunTime:0.000586s ]
INFO: Run Behavior\CheckLangBehavior [ RunTime:0.000627s ]
INFO: [ app_begin ] --END-- [ RunTime:0.001679s ]
NOTIC: [8] Undefined index: url /Applications/MAMP/htdocs/socailsys/application/Common/Controller/AppframeController.class.php 第 24 行.

[ 2016-05-24T16:32:54+08:00 ] ::1 /socailsys/index.php?g=user&m=index&a=is_login
INFO: [ app_begin ] --START--
INFO: Run Behavior\ReadHtmlCacheBehavior [ RunTime:0.000910s ]
INFO: Run Behavior\CheckLangBehavior [ RunTime:0.000736s ]
INFO: [ app_begin ] --END-- [ RunTime:0.002385s ]
NOTIC: [8] Undefined index: url /Applications/MAMP/htdocs/socailsys/application/Common/Controller/AppframeController.class.php 第 24 行.

[ 2016-05-24T16:32:58+08:00 ] ::1 /socailsys/index.php?g=user&m=index&a=is_login
INFO: [ app_begin ] --START--
INFO: Run Behavior\ReadHtmlCacheBehavior [ RunTime:0.000936s ]
INFO: Run Behavior\CheckLangBehavior [ RunTime:0.000594s ]
INFO: [ app_begin ] --END-- [ RunTime:0.007862s ]
NOTIC: [8] Undefined index: url /Applications/MAMP/htdocs/socailsys/application/Common/Controller/AppframeController.class.php 第 24 行.

[ 2016-05-24T16:37:09+08:00 ] ::1 /socailsys/index.php?g=user&m=index&a=is_login
INFO: [ app_begin ] --START--
INFO: Run Behavior\ReadHtmlCacheBehavior [ RunTime:0.000519s ]
INFO: Run Behavior\CheckLangBehavior [ RunTime:0.000484s ]
INFO: [ app_begin ] --END-- [ RunTime:0.001447s ]
NOTIC: [8] Undefined index: url /Applications/MAMP/htdocs/socailsys/application/Common/Controller/AppframeController.class.php 第 24 行.

[ 2016-05-24T16:37:29+08:00 ] ::1 /socailsys/index.php?g=user&m=index&a=is_login
INFO: [ app_begin ] --START--
INFO: Run Behavior\ReadHtmlCacheBehavior [ RunTime:0.000461s ]
INFO: Run Behavior\CheckLangBehavior [ RunTime:0.000416s ]
INFO: [ app_begin ] --END-- [ RunTime:0.001292s ]
NOTIC: [8] Undefined index: url /Applications/MAMP/htdocs/socailsys/application/Common/Controller/AppframeController.class.php 第 24 行.

[ 2016-05-24T16:56:42+08:00 ] ::1 /socailsys/index.php?g=user&m=index&a=is_login
INFO: [ app_begin ] --START--
INFO: Run Behavior\ReadHtmlCacheBehavior [ RunTime:0.000888s ]
INFO: Run Behavior\CheckLangBehavior [ RunTime:0.000630s ]
INFO: [ app_begin ] --END-- [ RunTime:0.002085s ]
NOTIC: [8] Undefined index: url /Applications/MAMP/htdocs/socailsys/application/Common/Controller/AppframeController.class.php 第 24 行.

[ 2016-05-24T16:58:52+08:00 ] ::1 /socailsys/index.php?g=user&m=index&a=is_login
INFO: [ app_begin ] --START--
INFO: Run Behavior\ReadHtmlCacheBehavior [ RunTime:0.000711s ]
INFO: Run Behavior\CheckLangBehavior [ RunTime:0.000658s ]
INFO: [ app_begin ] --END-- [ RunTime:0.001994s ]
NOTIC: [8] Undefined index: url /Applications/MAMP/htdocs/socailsys/application/Common/Controller/AppframeController.class.php 第 24 行.

[ 2016-05-24T17:01:04+08:00 ] ::1 /socailsys/index.php?g=user&m=index&a=is_login
INFO: [ app_begin ] --START--
INFO: Run Behavior\ReadHtmlCacheBehavior [ RunTime:0.000883s ]
INFO: Run Behavior\CheckLangBehavior [ RunTime:0.000549s ]
INFO: [ app_begin ] --END-- [ RunTime:0.002554s ]
NOTIC: [8] Undefined index: url /Applications/MAMP/htdocs/socailsys/application/Common/Controller/AppframeController.class.php 第 24 行.

[ 2016-05-24T17:01:09+08:00 ] ::1 /socailsys/index.php?g=user&m=index&a=is_login
INFO: [ app_begin ] --START--
INFO: Run Behavior\ReadHtmlCacheBehavior [ RunTime:0.000439s ]
INFO: Run Behavior\CheckLangBehavior [ RunTime:0.000432s ]
INFO: [ app_begin ] --END-- [ RunTime:0.001254s ]
NOTIC: [8] Undefined index: url /Applications/MAMP/htdocs/socailsys/application/Common/Controller/AppframeController.class.php 第 24 行.

[ 2016-05-24T17:01:13+08:00 ] ::1 /socailsys/index.php?g=user&m=index&a=is_login
INFO: [ app_begin ] --START--
INFO: Run Behavior\ReadHtmlCacheBehavior [ RunTime:0.000608s ]
INFO: Run Behavior\CheckLangBehavior [ RunTime:0.000574s ]
INFO: [ app_begin ] --END-- [ RunTime:0.001704s ]
NOTIC: [8] Undefined index: url /Applications/MAMP/htdocs/socailsys/application/Common/Controller/AppframeController.class.php 第 24 行.

[ 2016-05-24T17:02:52+08:00 ] ::1 /socailsys/index.php?g=user&m=index&a=is_login
INFO: [ app_begin ] --START--
INFO: Run Behavior\ReadHtmlCacheBehavior [ RunTime:0.000797s ]
INFO: Run Behavior\CheckLangBehavior [ RunTime:0.000715s ]
INFO: [ app_begin ] --END-- [ RunTime:0.002190s ]
NOTIC: [8] Undefined index: url /Applications/MAMP/htdocs/socailsys/application/Common/Controller/AppframeController.class.php 第 24 行.

[ 2016-05-24T17:03:57+08:00 ] ::1 /socailsys/index.php?g=user&m=index&a=is_login
INFO: [ app_begin ] --START--
INFO: Run Behavior\ReadHtmlCacheBehavior [ RunTime:0.000629s ]
INFO: Run Behavior\CheckLangBehavior [ RunTime:0.000563s ]
INFO: [ app_begin ] --END-- [ RunTime:0.001741s ]
NOTIC: [8] Undefined index: url /Applications/MAMP/htdocs/socailsys/application/Common/Controller/AppframeController.class.php 第 24 行.

[ 2016-05-24T17:04:51+08:00 ] ::1 /socailsys/index.php?g=user&m=index&a=is_login
INFO: [ app_begin ] --START--
INFO: Run Behavior\ReadHtmlCacheBehavior [ RunTime:0.000382s ]
INFO: Run Behavior\CheckLangBehavior [ RunTime:0.000322s ]
INFO: [ app_begin ] --END-- [ RunTime:0.001021s ]
NOTIC: [8] Undefined index: url /Applications/MAMP/htdocs/socailsys/application/Common/Controller/AppframeController.class.php 第 24 行.

[ 2016-05-24T17:06:49+08:00 ] ::1 /socailsys/index.php?g=user&m=index&a=is_login
INFO: [ app_begin ] --START--
INFO: Run Behavior\ReadHtmlCacheBehavior [ RunTime:0.001055s ]
INFO: Run Behavior\CheckLangBehavior [ RunTime:0.000682s ]
INFO: [ app_begin ] --END-- [ RunTime:0.002489s ]
NOTIC: [8] Undefined index: url /Applications/MAMP/htdocs/socailsys/application/Common/Controller/AppframeController.class.php 第 24 行.

[ 2016-05-24T17:06:53+08:00 ] ::1 /socailsys/index.php?g=user&m=index&a=is_login
INFO: [ app_begin ] --START--
INFO: Run Behavior\ReadHtmlCacheBehavior [ RunTime:0.000615s ]
INFO: Run Behavior\CheckLangBehavior [ RunTime:0.000580s ]
INFO: [ app_begin ] --END-- [ RunTime:0.001712s ]
NOTIC: [8] Undefined index: url /Applications/MAMP/htdocs/socailsys/application/Common/Controller/AppframeController.class.php 第 24 行.

[ 2016-05-24T17:08:35+08:00 ] ::1 /socailsys/index.php?g=user&m=index&a=is_login
INFO: [ app_begin ] --START--
INFO: Run Behavior\ReadHtmlCacheBehavior [ RunTime:0.000569s ]
INFO: Run Behavior\CheckLangBehavior [ RunTime:0.000637s ]
INFO: [ app_begin ] --END-- [ RunTime:0.001658s ]
NOTIC: [8] Undefined index: url /Applications/MAMP/htdocs/socailsys/application/Common/Controller/AppframeController.class.php 第 24 行.

[ 2016-05-24T17:22:26+08:00 ] ::1 /socailsys/index.php?g=user&m=index&a=is_login
INFO: [ app_begin ] --START--
INFO: Run Behavior\ReadHtmlCacheBehavior [ RunTime:0.000738s ]
INFO: Run Behavior\CheckLangBehavior [ RunTime:0.000917s ]
INFO: [ app_begin ] --END-- [ RunTime:0.002611s ]
NOTIC: [8] Undefined index: url /Applications/MAMP/htdocs/socailsys/application/Common/Controller/AppframeController.class.php 第 24 行.

[ 2016-05-24T17:22:27+08:00 ] ::1 /socailsys/index.php?g=user&m=index&a=is_login
INFO: [ app_begin ] --START--
INFO: Run Behavior\ReadHtmlCacheBehavior [ RunTime:0.000684s ]
INFO: Run Behavior\CheckLangBehavior [ RunTime:0.000725s ]
INFO: [ app_begin ] --END-- [ RunTime:0.001986s ]
NOTIC: [8] Undefined index: url /Applications/MAMP/htdocs/socailsys/application/Common/Controller/AppframeController.class.php 第 24 行.

[ 2016-05-24T17:22:28+08:00 ] ::1 /socailsys/index.php?g=user&m=index&a=is_login
INFO: [ app_begin ] --START--
INFO: Run Behavior\ReadHtmlCacheBehavior [ RunTime:0.000676s ]
INFO: Run Behavior\CheckLangBehavior [ RunTime:0.000745s ]
INFO: [ app_begin ] --END-- [ RunTime:0.002011s ]
NOTIC: [8] Undefined index: url /Applications/MAMP/htdocs/socailsys/application/Common/Controller/AppframeController.class.php 第 24 行.

[ 2016-05-24T17:22:30+08:00 ] ::1 /socailsys/index.php?g=user&m=index&a=is_login
INFO: [ app_begin ] --START--
INFO: Run Behavior\ReadHtmlCacheBehavior [ RunTime:0.000740s ]
INFO: Run Behavior\CheckLangBehavior [ RunTime:0.000585s ]
INFO: [ app_begin ] --END-- [ RunTime:0.001866s ]
NOTIC: [8] Undefined index: url /Applications/MAMP/htdocs/socailsys/application/Common/Controller/AppframeController.class.php 第 24 行.

[ 2016-05-24T17:22:31+08:00 ] ::1 /socailsys/index.php?g=user&m=index&a=is_login
INFO: [ app_begin ] --START--
INFO: Run Behavior\ReadHtmlCacheBehavior [ RunTime:0.000660s ]
INFO: Run Behavior\CheckLangBehavior [ RunTime:0.000558s ]
INFO: [ app_begin ] --END-- [ RunTime:0.001678s ]
NOTIC: [8] Undefined index: url /Applications/MAMP/htdocs/socailsys/application/Common/Controller/AppframeController.class.php 第 24 行.

[ 2016-05-24T17:22:32+08:00 ] ::1 /socailsys/index.php?g=user&m=index&a=is_login
INFO: [ app_begin ] --START--
INFO: Run Behavior\ReadHtmlCacheBehavior [ RunTime:0.000618s ]
INFO: Run Behavior\CheckLangBehavior [ RunTime:0.000578s ]
INFO: [ app_begin ] --END-- [ RunTime:0.001737s ]
NOTIC: [8] Undefined index: url /Applications/MAMP/htdocs/socailsys/application/Common/Controller/AppframeController.class.php 第 24 行.

[ 2016-05-24T17:22:33+08:00 ] ::1 /socailsys/index.php?g=user&m=index&a=is_login
INFO: [ app_begin ] --START--
INFO: Run Behavior\ReadHtmlCacheBehavior [ RunTime:0.000604s ]
INFO: Run Behavior\CheckLangBehavior [ RunTime:0.000687s ]
INFO: [ app_begin ] --END-- [ RunTime:0.001776s ]
NOTIC: [8] Undefined index: url /Applications/MAMP/htdocs/socailsys/application/Common/Controller/AppframeController.class.php 第 24 行.

[ 2016-05-24T17:22:33+08:00 ] ::1 /socailsys/index.php?g=user&m=index&a=is_login
INFO: [ app_begin ] --START--
INFO: Run Behavior\ReadHtmlCacheBehavior [ RunTime:0.000658s ]
INFO: Run Behavior\CheckLangBehavior [ RunTime:0.000539s ]
INFO: [ app_begin ] --END-- [ RunTime:0.001661s ]
NOTIC: [8] Undefined index: url /Applications/MAMP/htdocs/socailsys/application/Common/Controller/AppframeController.class.php 第 24 行.

[ 2016-05-24T17:22:34+08:00 ] ::1 /socailsys/index.php?g=user&m=index&a=is_login
INFO: [ app_begin ] --START--
INFO: Run Behavior\ReadHtmlCacheBehavior [ RunTime:0.001136s ]
INFO: Run Behavior\CheckLangBehavior [ RunTime:0.000653s ]
INFO: [ app_begin ] --END-- [ RunTime:0.002324s ]
NOTIC: [8] Undefined index: url /Applications/MAMP/htdocs/socailsys/application/Common/Controller/AppframeController.class.php 第 24 行.

[ 2016-05-24T18:26:40+08:00 ] ::1 /socailsys/index.php?g=user&m=index&a=is_login
INFO: [ app_begin ] --START--
INFO: Run Behavior\ReadHtmlCacheBehavior [ RunTime:0.000671s ]
INFO: Run Behavior\CheckLangBehavior [ RunTime:0.000434s ]
INFO: [ app_begin ] --END-- [ RunTime:0.001711s ]
NOTIC: [8] Undefined index: url /Applications/MAMP/htdocs/socailsys/application/Common/Controller/AppframeController.class.php 第 24 行.

[ 2016-05-24T18:32:33+08:00 ] ::1 /socailsys/index.php?g=user&m=index&a=is_login
INFO: [ app_begin ] --START--
INFO: Run Behavior\ReadHtmlCacheBehavior [ RunTime:0.000365s ]
INFO: Run Behavior\CheckLangBehavior [ RunTime:0.000342s ]
INFO: [ app_begin ] --END-- [ RunTime:0.001015s ]
NOTIC: [8] Undefined index: url /Applications/MAMP/htdocs/socailsys/application/Common/Controller/AppframeController.class.php 第 24 行.

[ 2016-05-24T18:32:43+08:00 ] ::1 /socailsys/index.php?g=user&m=index&a=is_login
INFO: [ app_begin ] --START--
INFO: Run Behavior\ReadHtmlCacheBehavior [ RunTime:0.000548s ]
INFO: Run Behavior\CheckLangBehavior [ RunTime:0.000463s ]
INFO: [ app_begin ] --END-- [ RunTime:0.001426s ]
NOTIC: [8] Undefined index: url /Applications/MAMP/htdocs/socailsys/application/Common/Controller/AppframeController.class.php 第 24 行.

[ 2016-05-24T18:32:45+08:00 ] ::1 /socailsys/index.php?g=user&m=index&a=is_login
INFO: [ app_begin ] --START--
INFO: Run Behavior\ReadHtmlCacheBehavior [ RunTime:0.000469s ]
INFO: Run Behavior\CheckLangBehavior [ RunTime:0.000444s ]
INFO: [ app_begin ] --END-- [ RunTime:0.001360s ]
NOTIC: [8] Undefined index: url /Applications/MAMP/htdocs/socailsys/application/Common/Controller/AppframeController.class.php 第 24 行.

[ 2016-05-24T18:32:45+08:00 ] ::1 /socailsys/index.php?g=user&m=index&a=is_login
INFO: [ app_begin ] --START--
INFO: Run Behavior\ReadHtmlCacheBehavior [ RunTime:0.000899s ]
INFO: Run Behavior\CheckLangBehavior [ RunTime:0.001131s ]
INFO: [ app_begin ] --END-- [ RunTime:0.003109s ]
NOTIC: [8] Undefined index: url /Applications/MAMP/htdocs/socailsys/application/Common/Controller/AppframeController.class.php 第 24 行.

[ 2016-05-24T18:32:46+08:00 ] ::1 /socailsys/index.php?g=user&m=index&a=is_login
INFO: [ app_begin ] --START--
INFO: Run Behavior\ReadHtmlCacheBehavior [ RunTime:0.000629s ]
INFO: Run Behavior\CheckLangBehavior [ RunTime:0.000742s ]
INFO: [ app_begin ] --END-- [ RunTime:0.001916s ]
NOTIC: [8] Undefined index: url /Applications/MAMP/htdocs/socailsys/application/Common/Controller/AppframeController.class.php 第 24 行.

[ 2016-05-24T18:32:47+08:00 ] ::1 /socailsys/index.php?g=user&m=index&a=is_login
INFO: [ app_begin ] --START--
INFO: Run Behavior\ReadHtmlCacheBehavior [ RunTime:0.000760s ]
INFO: Run Behavior\CheckLangBehavior [ RunTime:0.001066s ]
INFO: [ app_begin ] --END-- [ RunTime:0.003210s ]
NOTIC: [8] Undefined index: url /Applications/MAMP/htdocs/socailsys/application/Common/Controller/AppframeController.class.php 第 24 行.

[ 2016-05-24T18:32:47+08:00 ] ::1 /socailsys/index.php?g=user&m=index&a=is_login
INFO: [ app_begin ] --START--
INFO: Run Behavior\ReadHtmlCacheBehavior [ RunTime:0.001010s ]
INFO: Run Behavior\CheckLangBehavior [ RunTime:0.000990s ]
INFO: [ app_begin ] --END-- [ RunTime:0.002999s ]
NOTIC: [8] Undefined index: url /Applications/MAMP/htdocs/socailsys/application/Common/Controller/AppframeController.class.php 第 24 行.

[ 2016-05-24T18:32:49+08:00 ] ::1 /socailsys/index.php?g=user&m=index&a=is_login
INFO: [ app_begin ] --START--
INFO: Run Behavior\ReadHtmlCacheBehavior [ RunTime:0.000466s ]
INFO: Run Behavior\CheckLangBehavior [ RunTime:0.000574s ]
INFO: [ app_begin ] --END-- [ RunTime:0.001515s ]
NOTIC: [8] Undefined index: url /Applications/MAMP/htdocs/socailsys/application/Common/Controller/AppframeController.class.php 第 24 行.

[ 2016-05-24T18:32:50+08:00 ] ::1 /socailsys/index.php?g=user&m=index&a=is_login
INFO: [ app_begin ] --START--
INFO: Run Behavior\ReadHtmlCacheBehavior [ RunTime:0.000575s ]
INFO: Run Behavior\CheckLangBehavior [ RunTime:0.000492s ]
INFO: [ app_begin ] --END-- [ RunTime:0.001579s ]
NOTIC: [8] Undefined index: url /Applications/MAMP/htdocs/socailsys/application/Common/Controller/AppframeController.class.php 第 24 行.

[ 2016-05-24T18:32:53+08:00 ] ::1 /socailsys/index.php?g=user&m=index&a=is_login
INFO: [ app_begin ] --START--
INFO: Run Behavior\ReadHtmlCacheBehavior [ RunTime:0.001070s ]
INFO: Run Behavior\CheckLangBehavior [ RunTime:0.001164s ]
INFO: [ app_begin ] --END-- [ RunTime:0.003495s ]
NOTIC: [8] Undefined index: url /Applications/MAMP/htdocs/socailsys/application/Common/Controller/AppframeController.class.php 第 24 行.

[ 2016-05-24T18:32:54+08:00 ] ::1 /socailsys/index.php?g=user&m=index&a=is_login
INFO: [ app_begin ] --START--
INFO: Run Behavior\ReadHtmlCacheBehavior [ RunTime:0.000744s ]
INFO: Run Behavior\CheckLangBehavior [ RunTime:0.000868s ]
INFO: [ app_begin ] --END-- [ RunTime:0.002284s ]
NOTIC: [8] Undefined index: url /Applications/MAMP/htdocs/socailsys/application/Common/Controller/AppframeController.class.php 第 24 行.

[ 2016-05-24T18:32:58+08:00 ] ::1 /socailsys/index.php?g=user&m=index&a=is_login
INFO: [ app_begin ] --START--
INFO: Run Behavior\ReadHtmlCacheBehavior [ RunTime:0.000608s ]
INFO: Run Behavior\CheckLangBehavior [ RunTime:0.000545s ]
INFO: [ app_begin ] --END-- [ RunTime:0.001678s ]
NOTIC: [8] Undefined index: url /Applications/MAMP/htdocs/socailsys/application/Common/Controller/AppframeController.class.php 第 24 行.

[ 2016-05-24T18:33:01+08:00 ] ::1 /socailsys/index.php?g=user&m=index&a=is_login
INFO: [ app_begin ] --START--
INFO: Run Behavior\ReadHtmlCacheBehavior [ RunTime:0.000486s ]
INFO: Run Behavior\CheckLangBehavior [ RunTime:0.000495s ]
INFO: [ app_begin ] --END-- [ RunTime:0.001499s ]
NOTIC: [8] Undefined index: url /Applications/MAMP/htdocs/socailsys/application/Common/Controller/AppframeController.class.php 第 24 行.

[ 2016-05-24T18:33:21+08:00 ] ::1 /socailsys/index.php?g=user&m=index&a=is_login
INFO: [ app_begin ] --START--
INFO: Run Behavior\ReadHtmlCacheBehavior [ RunTime:0.000371s ]
INFO: Run Behavior\CheckLangBehavior [ RunTime:0.000313s ]
INFO: [ app_begin ] --END-- [ RunTime:0.001006s ]
NOTIC: [8] Undefined index: url /Applications/MAMP/htdocs/socailsys/application/Common/Controller/AppframeController.class.php 第 24 行.

[ 2016-05-24T18:41:08+08:00 ] ::1 /socailsys/index.php?g=user&m=index&a=is_login
INFO: [ app_begin ] --START--
INFO: Run Behavior\ReadHtmlCacheBehavior [ RunTime:0.000356s ]
INFO: Run Behavior\CheckLangBehavior [ RunTime:0.000297s ]
INFO: [ app_begin ] --END-- [ RunTime:0.000922s ]
NOTIC: [8] Undefined index: url /Applications/MAMP/htdocs/socailsys/application/Common/Controller/AppframeController.class.php 第 24 行.

[ 2016-05-24T18:41:22+08:00 ] ::1 /socailsys/index.php?g=user&m=index&a=is_login
INFO: [ app_begin ] --START--
INFO: Run Behavior\ReadHtmlCacheBehavior [ RunTime:0.000701s ]
INFO: Run Behavior\CheckLangBehavior [ RunTime:0.000500s ]
INFO: [ app_begin ] --END-- [ RunTime:0.001822s ]
NOTIC: [8] Undefined index: url /Applications/MAMP/htdocs/socailsys/application/Common/Controller/AppframeController.class.php 第 24 行.

[ 2016-05-24T18:41:24+08:00 ] ::1 /socailsys/index.php?g=user&m=index&a=is_login
INFO: [ app_begin ] --START--
INFO: Run Behavior\ReadHtmlCacheBehavior [ RunTime:0.001135s ]
INFO: Run Behavior\CheckLangBehavior [ RunTime:0.000810s ]
INFO: [ app_begin ] --END-- [ RunTime:0.002525s ]
NOTIC: [8] Undefined index: url /Applications/MAMP/htdocs/socailsys/application/Common/Controller/AppframeController.class.php 第 24 行.

[ 2016-05-24T18:41:25+08:00 ] ::1 /socailsys/index.php?g=user&m=index&a=is_login
INFO: [ app_begin ] --START--
INFO: Run Behavior\ReadHtmlCacheBehavior [ RunTime:0.000534s ]
INFO: Run Behavior\CheckLangBehavior [ RunTime:0.000466s ]
INFO: [ app_begin ] --END-- [ RunTime:0.001426s ]
NOTIC: [8] Undefined index: url /Applications/MAMP/htdocs/socailsys/application/Common/Controller/AppframeController.class.php 第 24 行.

[ 2016-05-24T18:44:33+08:00 ] ::1 /socailsys/index.php?g=user&m=index&a=is_login
INFO: [ app_begin ] --START--
INFO: Run Behavior\ReadHtmlCacheBehavior [ RunTime:0.000518s ]
INFO: Run Behavior\CheckLangBehavior [ RunTime:0.000458s ]
INFO: [ app_begin ] --END-- [ RunTime:0.001437s ]
NOTIC: [8] Undefined index: url /Applications/MAMP/htdocs/socailsys/application/Common/Controller/AppframeController.class.php 第 24 行.

[ 2016-05-24T18:44:35+08:00 ] ::1 /socailsys/index.php?g=user&m=index&a=is_login
INFO: [ app_begin ] --START--
INFO: Run Behavior\ReadHtmlCacheBehavior [ RunTime:0.000961s ]
INFO: Run Behavior\CheckLangBehavior [ RunTime:0.000725s ]
INFO: [ app_begin ] --END-- [ RunTime:0.002945s ]
NOTIC: [8] Undefined index: url /Applications/MAMP/htdocs/socailsys/application/Common/Controller/AppframeController.class.php 第 24 行.

[ 2016-05-24T18:44:39+08:00 ] ::1 /socailsys/index.php?g=user&m=index&a=is_login
INFO: [ app_begin ] --START--
INFO: Run Behavior\ReadHtmlCacheBehavior [ RunTime:0.000653s ]
INFO: Run Behavior\CheckLangBehavior [ RunTime:0.000623s ]
INFO: [ app_begin ] --END-- [ RunTime:0.001838s ]
NOTIC: [8] Undefined index: url /Applications/MAMP/htdocs/socailsys/application/Common/Controller/AppframeController.class.php 第 24 行.

[ 2016-05-24T18:44:41+08:00 ] ::1 /socailsys/index.php?g=user&m=index&a=is_login
INFO: [ app_begin ] --START--
INFO: Run Behavior\ReadHtmlCacheBehavior [ RunTime:0.000372s ]
INFO: Run Behavior\CheckLangBehavior [ RunTime:0.000316s ]
INFO: [ app_begin ] --END-- [ RunTime:0.001014s ]
NOTIC: [8] Undefined index: url /Applications/MAMP/htdocs/socailsys/application/Common/Controller/AppframeController.class.php 第 24 行.

[ 2016-05-24T18:46:40+08:00 ] ::1 /socailsys/index.php?g=user&m=index&a=is_login
INFO: [ app_begin ] --START--
INFO: Run Behavior\ReadHtmlCacheBehavior [ RunTime:0.000403s ]
INFO: Run Behavior\CheckLangBehavior [ RunTime:0.000334s ]
INFO: [ app_begin ] --END-- [ RunTime:0.001115s ]
NOTIC: [8] Undefined index: url /Applications/MAMP/htdocs/socailsys/application/Common/Controller/AppframeController.class.php 第 24 行.

[ 2016-05-24T18:55:56+08:00 ] ::1 /socailsys/index.php?g=user&m=index&a=is_login
INFO: [ app_begin ] --START--
INFO: Run Behavior\ReadHtmlCacheBehavior [ RunTime:0.000585s ]
INFO: Run Behavior\CheckLangBehavior [ RunTime:0.000636s ]
INFO: [ app_begin ] --END-- [ RunTime:0.001750s ]
NOTIC: [8] Undefined index: url /Applications/MAMP/htdocs/socailsys/application/Common/Controller/AppframeController.class.php 第 24 行.

[ 2016-05-24T18:55:58+08:00 ] ::1 /socailsys/index.php?g=user&m=index&a=is_login
INFO: [ app_begin ] --START--
INFO: Run Behavior\ReadHtmlCacheBehavior [ RunTime:0.000821s ]
INFO: Run Behavior\CheckLangBehavior [ RunTime:0.000638s ]
INFO: [ app_begin ] --END-- [ RunTime:0.003062s ]
NOTIC: [8] Undefined index: url /Applications/MAMP/htdocs/socailsys/application/Common/Controller/AppframeController.class.php 第 24 行.

[ 2016-05-24T18:56:00+08:00 ] ::1 /socailsys/index.php?g=user&m=index&a=is_login
INFO: [ app_begin ] --START--
INFO: Run Behavior\ReadHtmlCacheBehavior [ RunTime:0.002026s ]
INFO: Run Behavior\CheckLangBehavior [ RunTime:0.001963s ]
INFO: [ app_begin ] --END-- [ RunTime:0.005047s ]
NOTIC: [8] Undefined index: url /Applications/MAMP/htdocs/socailsys/application/Common/Controller/AppframeController.class.php 第 24 行.

[ 2016-05-24T18:56:01+08:00 ] ::1 /socailsys/index.php?g=user&m=index&a=is_login
INFO: [ app_begin ] --START--
INFO: Run Behavior\ReadHtmlCacheBehavior [ RunTime:0.000374s ]
INFO: Run Behavior\CheckLangBehavior [ RunTime:0.000319s ]
INFO: [ app_begin ] --END-- [ RunTime:0.000987s ]
NOTIC: [8] Undefined index: url /Applications/MAMP/htdocs/socailsys/application/Common/Controller/AppframeController.class.php 第 24 行.

[ 2016-05-24T18:56:59+08:00 ] ::1 /socailsys/index.php?g=user&m=index&a=is_login
INFO: [ app_begin ] --START--
INFO: Run Behavior\ReadHtmlCacheBehavior [ RunTime:0.000380s ]
INFO: Run Behavior\CheckLangBehavior [ RunTime:0.000314s ]
INFO: [ app_begin ] --END-- [ RunTime:0.001052s ]
NOTIC: [8] Undefined index: url /Applications/MAMP/htdocs/socailsys/application/Common/Controller/AppframeController.class.php 第 24 行.

