[ 2016-05-25T13:35:30+08:00 ] ::1 /socailsys/index.php?g=user&m=index&a=is_login
INFO: [ app_begin ] --START--
INFO: Run Behavior\ReadHtmlCacheBehavior [ RunTime:0.000845s ]
INFO: Run Behavior\CheckLangBehavior [ RunTime:0.000828s ]
INFO: [ app_begin ] --END-- [ RunTime:0.002324s ]
NOTIC: [8] Undefined index: url /Applications/MAMP/htdocs/socailsys/application/Common/Controller/AppframeController.class.php 第 24 行.

[ 2016-05-25T13:37:36+08:00 ] ::1 /socailsys/index.php?g=user&m=index&a=is_login
INFO: [ app_begin ] --START--
INFO: Run Behavior\ReadHtmlCacheBehavior [ RunTime:0.000985s ]
INFO: Run Behavior\CheckLangBehavior [ RunTime:0.000869s ]
INFO: [ app_begin ] --END-- [ RunTime:0.002473s ]
NOTIC: [8] Undefined index: url /Applications/MAMP/htdocs/socailsys/application/Common/Controller/AppframeController.class.php 第 24 行.

[ 2016-05-25T17:19:53+08:00 ] ::1 /socailsys/index.php?g=user&m=index&a=is_login
INFO: [ app_begin ] --START--
INFO: Run Behavior\ReadHtmlCacheBehavior [ RunTime:0.000946s ]
INFO: Run Behavior\CheckLangBehavior [ RunTime:0.000929s ]
INFO: [ app_begin ] --END-- [ RunTime:0.002641s ]
NOTIC: [8] Undefined index: url /Applications/MAMP/htdocs/socailsys/application/Common/Controller/AppframeController.class.php 第 24 行.

[ 2016-05-25T17:19:58+08:00 ] ::1 /socailsys/index.php?g=user&m=index&a=is_login
INFO: [ app_begin ] --START--
INFO: Run Behavior\ReadHtmlCacheBehavior [ RunTime:0.000718s ]
INFO: Run Behavior\CheckLangBehavior [ RunTime:0.000651s ]
INFO: [ app_begin ] --END-- [ RunTime:0.001959s ]
NOTIC: [8] Undefined index: url /Applications/MAMP/htdocs/socailsys/application/Common/Controller/AppframeController.class.php 第 24 行.

[ 2016-05-25T17:20:14+08:00 ] ::1 /socailsys/index.php?g=user&m=index&a=is_login
INFO: [ app_begin ] --START--
INFO: Run Behavior\ReadHtmlCacheBehavior [ RunTime:0.000466s ]
INFO: Run Behavior\CheckLangBehavior [ RunTime:0.000547s ]
INFO: [ app_begin ] --END-- [ RunTime:0.001465s ]
NOTIC: [8] Undefined index: url /Applications/MAMP/htdocs/socailsys/application/Common/Controller/AppframeController.class.php 第 24 行.

[ 2016-05-25T17:20:16+08:00 ] ::1 /socailsys/index.php?g=user&m=index&a=is_login
INFO: [ app_begin ] --START--
INFO: Run Behavior\ReadHtmlCacheBehavior [ RunTime:0.000750s ]
INFO: Run Behavior\CheckLangBehavior [ RunTime:0.000564s ]
INFO: [ app_begin ] --END-- [ RunTime:0.001855s ]
NOTIC: [8] Undefined index: url /Applications/MAMP/htdocs/socailsys/application/Common/Controller/AppframeController.class.php 第 24 行.

[ 2016-05-25T17:20:17+08:00 ] ::1 /socailsys/index.php?g=user&m=index&a=is_login
INFO: [ app_begin ] --START--
INFO: Run Behavior\ReadHtmlCacheBehavior [ RunTime:0.000387s ]
INFO: Run Behavior\CheckLangBehavior [ RunTime:0.000328s ]
INFO: [ app_begin ] --END-- [ RunTime:0.001033s ]
NOTIC: [8] Undefined index: url /Applications/MAMP/htdocs/socailsys/application/Common/Controller/AppframeController.class.php 第 24 行.

[ 2016-05-25T17:20:17+08:00 ] ::1 /socailsys/index.php?g=user&m=index&a=is_login
INFO: [ app_begin ] --START--
INFO: Run Behavior\ReadHtmlCacheBehavior [ RunTime:0.001591s ]
INFO: Run Behavior\CheckLangBehavior [ RunTime:0.001725s ]
INFO: [ app_begin ] --END-- [ RunTime:0.004648s ]
NOTIC: [8] Undefined index: url /Applications/MAMP/htdocs/socailsys/application/Common/Controller/AppframeController.class.php 第 24 行.

[ 2016-05-25T17:20:17+08:00 ] ::1 /socailsys/index.php?g=user&m=index&a=is_login
INFO: [ app_begin ] --START--
INFO: Run Behavior\ReadHtmlCacheBehavior [ RunTime:0.001195s ]
INFO: Run Behavior\CheckLangBehavior [ RunTime:0.000763s ]
INFO: [ app_begin ] --END-- [ RunTime:0.002576s ]
NOTIC: [8] Undefined index: url /Applications/MAMP/htdocs/socailsys/application/Common/Controller/AppframeController.class.php 第 24 行.

[ 2016-05-25T17:20:17+08:00 ] ::1 /socailsys/index.php?g=user&m=index&a=is_login
INFO: [ app_begin ] --START--
INFO: Run Behavior\ReadHtmlCacheBehavior [ RunTime:0.000551s ]
INFO: Run Behavior\CheckLangBehavior [ RunTime:0.000753s ]
INFO: [ app_begin ] --END-- [ RunTime:0.001798s ]
NOTIC: [8] Undefined index: url /Applications/MAMP/htdocs/socailsys/application/Common/Controller/AppframeController.class.php 第 24 行.

[ 2016-05-25T17:20:18+08:00 ] ::1 /socailsys/index.php?g=user&m=index&a=is_login
INFO: [ app_begin ] --START--
INFO: Run Behavior\ReadHtmlCacheBehavior [ RunTime:0.001361s ]
INFO: Run Behavior\CheckLangBehavior [ RunTime:0.001938s ]
INFO: [ app_begin ] --END-- [ RunTime:0.004774s ]
NOTIC: [8] Undefined index: url /Applications/MAMP/htdocs/socailsys/application/Common/Controller/AppframeController.class.php 第 24 行.

[ 2016-05-25T17:20:20+08:00 ] ::1 /socailsys/index.php?g=user&m=index&a=is_login
INFO: [ app_begin ] --START--
INFO: Run Behavior\ReadHtmlCacheBehavior [ RunTime:0.000374s ]
INFO: Run Behavior\CheckLangBehavior [ RunTime:0.000328s ]
INFO: [ app_begin ] --END-- [ RunTime:0.001005s ]
NOTIC: [8] Undefined index: url /Applications/MAMP/htdocs/socailsys/application/Common/Controller/AppframeController.class.php 第 24 行.

[ 2016-05-25T17:20:25+08:00 ] ::1 /socailsys/index.php?g=user&m=index&a=is_login
INFO: [ app_begin ] --START--
INFO: Run Behavior\ReadHtmlCacheBehavior [ RunTime:0.000428s ]
INFO: Run Behavior\CheckLangBehavior [ RunTime:0.000410s ]
INFO: [ app_begin ] --END-- [ RunTime:0.001232s ]
NOTIC: [8] Undefined index: url /Applications/MAMP/htdocs/socailsys/application/Common/Controller/AppframeController.class.php 第 24 行.

[ 2016-05-25T17:20:27+08:00 ] ::1 /socailsys/index.php?g=user&m=index&a=is_login
INFO: [ app_begin ] --START--
INFO: Run Behavior\ReadHtmlCacheBehavior [ RunTime:0.000805s ]
INFO: Run Behavior\CheckLangBehavior [ RunTime:0.001311s ]
INFO: [ app_begin ] --END-- [ RunTime:0.002841s ]
NOTIC: [8] Undefined index: url /Applications/MAMP/htdocs/socailsys/application/Common/Controller/AppframeController.class.php 第 24 行.

[ 2016-05-25T17:20:29+08:00 ] ::1 /socailsys/index.php?g=user&m=index&a=is_login
INFO: [ app_begin ] --START--
INFO: Run Behavior\ReadHtmlCacheBehavior [ RunTime:0.000394s ]
INFO: Run Behavior\CheckLangBehavior [ RunTime:0.000320s ]
INFO: [ app_begin ] --END-- [ RunTime:0.000998s ]
NOTIC: [8] Undefined index: url /Applications/MAMP/htdocs/socailsys/application/Common/Controller/AppframeController.class.php 第 24 行.

[ 2016-05-25T17:20:30+08:00 ] ::1 /socailsys/index.php?g=user&m=index&a=is_login
INFO: [ app_begin ] --START--
INFO: Run Behavior\ReadHtmlCacheBehavior [ RunTime:0.000598s ]
INFO: Run Behavior\CheckLangBehavior [ RunTime:0.000571s ]
INFO: [ app_begin ] --END-- [ RunTime:0.001686s ]
NOTIC: [8] Undefined index: url /Applications/MAMP/htdocs/socailsys/application/Common/Controller/AppframeController.class.php 第 24 行.

[ 2016-05-25T17:20:31+08:00 ] ::1 /socailsys/index.php?g=user&m=index&a=is_login
INFO: [ app_begin ] --START--
INFO: Run Behavior\ReadHtmlCacheBehavior [ RunTime:0.000418s ]
INFO: Run Behavior\CheckLangBehavior [ RunTime:0.000346s ]
INFO: [ app_begin ] --END-- [ RunTime:0.001102s ]
NOTIC: [8] Undefined index: url /Applications/MAMP/htdocs/socailsys/application/Common/Controller/AppframeController.class.php 第 24 行.

[ 2016-05-25T17:20:31+08:00 ] ::1 /socailsys/index.php?g=user&m=index&a=is_login
INFO: [ app_begin ] --START--
INFO: Run Behavior\ReadHtmlCacheBehavior [ RunTime:0.000378s ]
INFO: Run Behavior\CheckLangBehavior [ RunTime:0.000329s ]
INFO: [ app_begin ] --END-- [ RunTime:0.001020s ]
NOTIC: [8] Undefined index: url /Applications/MAMP/htdocs/socailsys/application/Common/Controller/AppframeController.class.php 第 24 行.

[ 2016-05-25T17:20:32+08:00 ] ::1 /socailsys/index.php?g=user&m=index&a=is_login
INFO: [ app_begin ] --START--
INFO: Run Behavior\ReadHtmlCacheBehavior [ RunTime:0.000610s ]
INFO: Run Behavior\CheckLangBehavior [ RunTime:0.000543s ]
INFO: [ app_begin ] --END-- [ RunTime:0.001884s ]
NOTIC: [8] Undefined index: url /Applications/MAMP/htdocs/socailsys/application/Common/Controller/AppframeController.class.php 第 24 行.

[ 2016-05-25T17:20:33+08:00 ] ::1 /socailsys/index.php?g=user&m=index&a=is_login
INFO: [ app_begin ] --START--
INFO: Run Behavior\ReadHtmlCacheBehavior [ RunTime:0.000749s ]
INFO: Run Behavior\CheckLangBehavior [ RunTime:0.000569s ]
INFO: [ app_begin ] --END-- [ RunTime:0.001993s ]
NOTIC: [8] Undefined index: url /Applications/MAMP/htdocs/socailsys/application/Common/Controller/AppframeController.class.php 第 24 行.

[ 2016-05-25T17:20:34+08:00 ] ::1 /socailsys/index.php?g=user&m=index&a=is_login
INFO: [ app_begin ] --START--
INFO: Run Behavior\ReadHtmlCacheBehavior [ RunTime:0.000600s ]
INFO: Run Behavior\CheckLangBehavior [ RunTime:0.000406s ]
INFO: [ app_begin ] --END-- [ RunTime:0.001335s ]
NOTIC: [8] Undefined index: url /Applications/MAMP/htdocs/socailsys/application/Common/Controller/AppframeController.class.php 第 24 行.

[ 2016-05-25T17:20:35+08:00 ] ::1 /socailsys/index.php?g=user&m=index&a=is_login
INFO: [ app_begin ] --START--
INFO: Run Behavior\ReadHtmlCacheBehavior [ RunTime:0.000549s ]
INFO: Run Behavior\CheckLangBehavior [ RunTime:0.000632s ]
INFO: [ app_begin ] --END-- [ RunTime:0.001647s ]
NOTIC: [8] Undefined index: url /Applications/MAMP/htdocs/socailsys/application/Common/Controller/AppframeController.class.php 第 24 行.

[ 2016-05-25T17:20:35+08:00 ] ::1 /socailsys/index.php?g=user&m=index&a=is_login
INFO: [ app_begin ] --START--
INFO: Run Behavior\ReadHtmlCacheBehavior [ RunTime:0.002029s ]
INFO: Run Behavior\CheckLangBehavior [ RunTime:0.000893s ]
INFO: [ app_begin ] --END-- [ RunTime:0.004169s ]
NOTIC: [8] Undefined index: url /Applications/MAMP/htdocs/socailsys/application/Common/Controller/AppframeController.class.php 第 24 行.

[ 2016-05-25T17:20:36+08:00 ] ::1 /socailsys/index.php?g=user&m=index&a=is_login
INFO: [ app_begin ] --START--
INFO: Run Behavior\ReadHtmlCacheBehavior [ RunTime:0.000583s ]
INFO: Run Behavior\CheckLangBehavior [ RunTime:0.000645s ]
INFO: [ app_begin ] --END-- [ RunTime:0.001720s ]
NOTIC: [8] Undefined index: url /Applications/MAMP/htdocs/socailsys/application/Common/Controller/AppframeController.class.php 第 24 行.

[ 2016-05-25T17:20:39+08:00 ] ::1 /socailsys/index.php?g=user&m=index&a=is_login
INFO: [ app_begin ] --START--
INFO: Run Behavior\ReadHtmlCacheBehavior [ RunTime:0.000623s ]
INFO: Run Behavior\CheckLangBehavior [ RunTime:0.000713s ]
INFO: [ app_begin ] --END-- [ RunTime:0.001924s ]
NOTIC: [8] Undefined index: url /Applications/MAMP/htdocs/socailsys/application/Common/Controller/AppframeController.class.php 第 24 行.

[ 2016-05-25T17:20:40+08:00 ] ::1 /socailsys/index.php?g=user&m=index&a=is_login
INFO: [ app_begin ] --START--
INFO: Run Behavior\ReadHtmlCacheBehavior [ RunTime:0.000619s ]
INFO: Run Behavior\CheckLangBehavior [ RunTime:0.000707s ]
INFO: [ app_begin ] --END-- [ RunTime:0.001998s ]
NOTIC: [8] Undefined index: url /Applications/MAMP/htdocs/socailsys/application/Common/Controller/AppframeController.class.php 第 24 行.

[ 2016-05-25T17:20:40+08:00 ] ::1 /socailsys/index.php?g=user&m=index&a=is_login
INFO: [ app_begin ] --START--
INFO: Run Behavior\ReadHtmlCacheBehavior [ RunTime:0.000428s ]
INFO: Run Behavior\CheckLangBehavior [ RunTime:0.000394s ]
INFO: [ app_begin ] --END-- [ RunTime:0.001190s ]
NOTIC: [8] Undefined index: url /Applications/MAMP/htdocs/socailsys/application/Common/Controller/AppframeController.class.php 第 24 行.

[ 2016-05-25T17:20:41+08:00 ] ::1 /socailsys/index.php?g=user&m=index&a=is_login
INFO: [ app_begin ] --START--
INFO: Run Behavior\ReadHtmlCacheBehavior [ RunTime:0.000750s ]
INFO: Run Behavior\CheckLangBehavior [ RunTime:0.000687s ]
INFO: [ app_begin ] --END-- [ RunTime:0.002161s ]
NOTIC: [8] Undefined index: url /Applications/MAMP/htdocs/socailsys/application/Common/Controller/AppframeController.class.php 第 24 行.

[ 2016-05-25T17:20:48+08:00 ] ::1 /socailsys/index.php?g=user&m=index&a=is_login
INFO: [ app_begin ] --START--
INFO: Run Behavior\ReadHtmlCacheBehavior [ RunTime:0.000560s ]
INFO: Run Behavior\CheckLangBehavior [ RunTime:0.000568s ]
INFO: [ app_begin ] --END-- [ RunTime:0.001622s ]
NOTIC: [8] Undefined index: url /Applications/MAMP/htdocs/socailsys/application/Common/Controller/AppframeController.class.php 第 24 行.

[ 2016-05-25T17:20:48+08:00 ] ::1 /socailsys/index.php?g=user&m=index&a=is_login
INFO: [ app_begin ] --START--
INFO: Run Behavior\ReadHtmlCacheBehavior [ RunTime:0.002108s ]
INFO: Run Behavior\CheckLangBehavior [ RunTime:0.001806s ]
INFO: [ app_begin ] --END-- [ RunTime:0.005140s ]
NOTIC: [8] Undefined index: url /Applications/MAMP/htdocs/socailsys/application/Common/Controller/AppframeController.class.php 第 24 行.

[ 2016-05-25T17:20:49+08:00 ] ::1 /socailsys/index.php?g=user&m=index&a=is_login
INFO: [ app_begin ] --START--
INFO: Run Behavior\ReadHtmlCacheBehavior [ RunTime:0.000635s ]
INFO: Run Behavior\CheckLangBehavior [ RunTime:0.000591s ]
INFO: [ app_begin ] --END-- [ RunTime:0.001771s ]
NOTIC: [8] Undefined index: url /Applications/MAMP/htdocs/socailsys/application/Common/Controller/AppframeController.class.php 第 24 行.

[ 2016-05-25T17:20:49+08:00 ] ::1 /socailsys/index.php?g=user&m=index&a=is_login
INFO: [ app_begin ] --START--
INFO: Run Behavior\ReadHtmlCacheBehavior [ RunTime:0.000838s ]
INFO: Run Behavior\CheckLangBehavior [ RunTime:0.000603s ]
INFO: [ app_begin ] --END-- [ RunTime:0.002940s ]
NOTIC: [8] Undefined index: url /Applications/MAMP/htdocs/socailsys/application/Common/Controller/AppframeController.class.php 第 24 行.

[ 2016-05-25T17:20:50+08:00 ] ::1 /socailsys/index.php?g=user&m=index&a=is_login
INFO: [ app_begin ] --START--
INFO: Run Behavior\ReadHtmlCacheBehavior [ RunTime:0.000543s ]
INFO: Run Behavior\CheckLangBehavior [ RunTime:0.000453s ]
INFO: [ app_begin ] --END-- [ RunTime:0.001457s ]
NOTIC: [8] Undefined index: url /Applications/MAMP/htdocs/socailsys/application/Common/Controller/AppframeController.class.php 第 24 行.

[ 2016-05-25T17:21:04+08:00 ] ::1 /socailsys/index.php?g=user&m=index&a=is_login
INFO: [ app_begin ] --START--
INFO: Run Behavior\ReadHtmlCacheBehavior [ RunTime:0.000519s ]
INFO: Run Behavior\CheckLangBehavior [ RunTime:0.000455s ]
INFO: [ app_begin ] --END-- [ RunTime:0.001396s ]
NOTIC: [8] Undefined index: url /Applications/MAMP/htdocs/socailsys/application/Common/Controller/AppframeController.class.php 第 24 行.

[ 2016-05-25T17:23:02+08:00 ] ::1 /socailsys/index.php?g=user&m=index&a=is_login
INFO: [ app_begin ] --START--
INFO: Run Behavior\ReadHtmlCacheBehavior [ RunTime:0.000443s ]
INFO: Run Behavior\CheckLangBehavior [ RunTime:0.000504s ]
INFO: [ app_begin ] --END-- [ RunTime:0.001352s ]
NOTIC: [8] Undefined index: url /Applications/MAMP/htdocs/socailsys/application/Common/Controller/AppframeController.class.php 第 24 行.

[ 2016-05-25T17:33:55+08:00 ] ::1 /socailsys/index.php?g=user&m=index&a=is_login
INFO: [ app_begin ] --START--
INFO: Run Behavior\ReadHtmlCacheBehavior [ RunTime:0.000515s ]
INFO: Run Behavior\CheckLangBehavior [ RunTime:0.000661s ]
INFO: [ app_begin ] --END-- [ RunTime:0.001685s ]
NOTIC: [8] Undefined index: url /Applications/MAMP/htdocs/socailsys/application/Common/Controller/AppframeController.class.php 第 24 行.

[ 2016-05-25T20:22:31+08:00 ] ::1 /socailsys/index.php?g=user&m=index&a=is_login
INFO: [ app_begin ] --START--
INFO: Run Behavior\ReadHtmlCacheBehavior [ RunTime:0.000380s ]
INFO: Run Behavior\CheckLangBehavior [ RunTime:0.000339s ]
INFO: [ app_begin ] --END-- [ RunTime:0.001056s ]
NOTIC: [8] Undefined index: url /Applications/MAMP/htdocs/socailsys/application/Common/Controller/AppframeController.class.php 第 24 行.

[ 2016-05-25T20:22:32+08:00 ] ::1 /socailsys/index.php?g=user&m=index&a=is_login
INFO: [ app_begin ] --START--
INFO: Run Behavior\ReadHtmlCacheBehavior [ RunTime:0.000604s ]
INFO: Run Behavior\CheckLangBehavior [ RunTime:0.000643s ]
INFO: [ app_begin ] --END-- [ RunTime:0.001936s ]
NOTIC: [8] Undefined index: url /Applications/MAMP/htdocs/socailsys/application/Common/Controller/AppframeController.class.php 第 24 行.

[ 2016-05-25T20:23:26+08:00 ] ::1 /socailsys/index.php?g=user&m=index&a=is_login
INFO: [ app_begin ] --START--
INFO: Run Behavior\ReadHtmlCacheBehavior [ RunTime:0.000603s ]
INFO: Run Behavior\CheckLangBehavior [ RunTime:0.000527s ]
INFO: [ app_begin ] --END-- [ RunTime:0.001638s ]
NOTIC: [8] Undefined index: url /Applications/MAMP/htdocs/socailsys/application/Common/Controller/AppframeController.class.php 第 24 行.

[ 2016-05-25T20:23:30+08:00 ] ::1 /socailsys/index.php?g=user&m=index&a=is_login
INFO: [ app_begin ] --START--
INFO: Run Behavior\ReadHtmlCacheBehavior [ RunTime:0.000682s ]
INFO: Run Behavior\CheckLangBehavior [ RunTime:0.000591s ]
INFO: [ app_begin ] --END-- [ RunTime:0.001860s ]
NOTIC: [8] Undefined index: url /Applications/MAMP/htdocs/socailsys/application/Common/Controller/AppframeController.class.php 第 24 行.

[ 2016-05-25T20:23:30+08:00 ] ::1 /socailsys/index.php?g=user&m=index&a=is_login
INFO: [ app_begin ] --START--
INFO: Run Behavior\ReadHtmlCacheBehavior [ RunTime:0.000508s ]
INFO: Run Behavior\CheckLangBehavior [ RunTime:0.000551s ]
INFO: [ app_begin ] --END-- [ RunTime:0.001478s ]
NOTIC: [8] Undefined index: url /Applications/MAMP/htdocs/socailsys/application/Common/Controller/AppframeController.class.php 第 24 行.

[ 2016-05-25T20:23:34+08:00 ] ::1 /socailsys/index.php?g=user&m=index&a=is_login
INFO: [ app_begin ] --START--
INFO: Run Behavior\ReadHtmlCacheBehavior [ RunTime:0.000799s ]
INFO: Run Behavior\CheckLangBehavior [ RunTime:0.000612s ]
INFO: [ app_begin ] --END-- [ RunTime:0.002045s ]
NOTIC: [8] Undefined index: url /Applications/MAMP/htdocs/socailsys/application/Common/Controller/AppframeController.class.php 第 24 行.

[ 2016-05-25T20:23:34+08:00 ] ::1 /socailsys/index.php?g=user&m=index&a=is_login
INFO: [ app_begin ] --START--
INFO: Run Behavior\ReadHtmlCacheBehavior [ RunTime:0.000702s ]
INFO: Run Behavior\CheckLangBehavior [ RunTime:0.000597s ]
INFO: [ app_begin ] --END-- [ RunTime:0.001734s ]
NOTIC: [8] Undefined index: url /Applications/MAMP/htdocs/socailsys/application/Common/Controller/AppframeController.class.php 第 24 行.

[ 2016-05-25T20:23:37+08:00 ] ::1 /socailsys/index.php?g=user&m=index&a=is_login
INFO: [ app_begin ] --START--
INFO: Run Behavior\ReadHtmlCacheBehavior [ RunTime:0.000988s ]
INFO: Run Behavior\CheckLangBehavior [ RunTime:0.001492s ]
INFO: [ app_begin ] --END-- [ RunTime:0.003859s ]
NOTIC: [8] Undefined index: url /Applications/MAMP/htdocs/socailsys/application/Common/Controller/AppframeController.class.php 第 24 行.

[ 2016-05-25T20:23:40+08:00 ] ::1 /socailsys/index.php?g=user&m=index&a=is_login
INFO: [ app_begin ] --START--
INFO: Run Behavior\ReadHtmlCacheBehavior [ RunTime:0.000953s ]
INFO: Run Behavior\CheckLangBehavior [ RunTime:0.000734s ]
INFO: [ app_begin ] --END-- [ RunTime:0.002744s ]
NOTIC: [8] Undefined index: url /Applications/MAMP/htdocs/socailsys/application/Common/Controller/AppframeController.class.php 第 24 行.

[ 2016-05-25T20:23:40+08:00 ] ::1 /socailsys/index.php?g=user&m=index&a=is_login
INFO: [ app_begin ] --START--
INFO: Run Behavior\ReadHtmlCacheBehavior [ RunTime:0.000372s ]
INFO: Run Behavior\CheckLangBehavior [ RunTime:0.000318s ]
INFO: [ app_begin ] --END-- [ RunTime:0.001004s ]
NOTIC: [8] Undefined index: url /Applications/MAMP/htdocs/socailsys/application/Common/Controller/AppframeController.class.php 第 24 行.

[ 2016-05-25T20:23:41+08:00 ] ::1 /socailsys/index.php?g=user&m=index&a=is_login
INFO: [ app_begin ] --START--
INFO: Run Behavior\ReadHtmlCacheBehavior [ RunTime:0.000690s ]
INFO: Run Behavior\CheckLangBehavior [ RunTime:0.000557s ]
INFO: [ app_begin ] --END-- [ RunTime:0.001765s ]
NOTIC: [8] Undefined index: url /Applications/MAMP/htdocs/socailsys/application/Common/Controller/AppframeController.class.php 第 24 行.

[ 2016-05-25T20:23:42+08:00 ] ::1 /socailsys/index.php?g=user&m=index&a=is_login
INFO: [ app_begin ] --START--
INFO: Run Behavior\ReadHtmlCacheBehavior [ RunTime:0.001063s ]
INFO: Run Behavior\CheckLangBehavior [ RunTime:0.000396s ]
INFO: [ app_begin ] --END-- [ RunTime:0.002608s ]
NOTIC: [8] Undefined index: url /Applications/MAMP/htdocs/socailsys/application/Common/Controller/AppframeController.class.php 第 24 行.

[ 2016-05-25T20:23:43+08:00 ] ::1 /socailsys/index.php?g=user&m=index&a=is_login
INFO: [ app_begin ] --START--
INFO: Run Behavior\ReadHtmlCacheBehavior [ RunTime:0.001080s ]
INFO: Run Behavior\CheckLangBehavior [ RunTime:0.000503s ]
INFO: [ app_begin ] --END-- [ RunTime:0.002180s ]
NOTIC: [8] Undefined index: url /Applications/MAMP/htdocs/socailsys/application/Common/Controller/AppframeController.class.php 第 24 行.

[ 2016-05-25T23:33:52+08:00 ] ::1 /socailsys/index.php?g=user&m=index&a=is_login
INFO: [ app_begin ] --START--
INFO: Run Behavior\ReadHtmlCacheBehavior [ RunTime:0.000938s ]
INFO: Run Behavior\CheckLangBehavior [ RunTime:0.000726s ]
INFO: [ app_begin ] --END-- [ RunTime:0.002375s ]
NOTIC: [8] Undefined index: url /Applications/MAMP/htdocs/socailsys/application/Common/Controller/AppframeController.class.php 第 24 行.

